::1 - - [Thu, 04 May 2017 02:54:09 GMT] "GET / HTTP/1.1" 200 1347 "-" "Mozilla/5.0 (Windows NT 10.0; Win64; x64) AppleWebKit/537.36 (KHTML, like Gecko) Chrome/58.0.3029.96 Safari/537.36"
::1 - - [Thu, 04 May 2017 02:54:09 GMT] "GET /stylesheets/style.css HTTP/1.1" 304 - "http://localhost:4000/" "Mozilla/5.0 (Windows NT 10.0; Win64; x64) AppleWebKit/537.36 (KHTML, like Gecko) Chrome/58.0.3029.96 Safari/537.36"
::1 - - [Thu, 04 May 2017 02:55:45 GMT] "GET /u/wuchujiang HTTP/1.1" 200 1323 "http://localhost:4000/" "Mozilla/5.0 (Windows NT 10.0; Win64; x64) AppleWebKit/537.36 (KHTML, like Gecko) Chrome/58.0.3029.96 Safari/537.36"
::1 - - [Thu, 04 May 2017 02:55:45 GMT] "GET /stylesheets/style.css HTTP/1.1" 304 - "http://localhost:4000/u/wuchujiang" "Mozilla/5.0 (Windows NT 10.0; Win64; x64) AppleWebKit/537.36 (KHTML, like Gecko) Chrome/58.0.3029.96 Safari/537.36"
::1 - - [Thu, 04 May 2017 02:55:48 GMT] "GET /u/wuchujiang/adad HTTP/1.1" 200 216 "-" "Mozilla/5.0 (Windows NT 10.0; Win64; x64) AppleWebKit/537.36 (KHTML, like Gecko) Chrome/58.0.3029.96 Safari/537.36"
::1 - - [Thu, 04 May 2017 03:04:41 GMT] "GET /u/wuchujiang/adad HTTP/1.1" 304 - "-" "Mozilla/5.0 (Windows NT 10.0; Win64; x64) AppleWebKit/537.36 (KHTML, like Gecko) Chrome/58.0.3029.96 Safari/537.36"
::1 - - [Thu, 04 May 2017 03:04:44 GMT] "GET / HTTP/1.1" 200 1339 "-" "Mozilla/5.0 (Windows NT 10.0; Win64; x64) AppleWebKit/537.36 (KHTML, like Gecko) Chrome/58.0.3029.96 Safari/537.36"
::1 - - [Thu, 04 May 2017 03:04:44 GMT] "GET /stylesheets/style.css HTTP/1.1" 304 - "http://localhost:4000/" "Mozilla/5.0 (Windows NT 10.0; Win64; x64) AppleWebKit/537.36 (KHTML, like Gecko) Chrome/58.0.3029.96 Safari/537.36"
::1 - - [Thu, 04 May 2017 03:04:45 GMT] "GET / HTTP/1.1" 304 - "-" "Mozilla/5.0 (Windows NT 10.0; Win64; x64) AppleWebKit/537.36 (KHTML, like Gecko) Chrome/58.0.3029.96 Safari/537.36"
::1 - - [Thu, 04 May 2017 03:04:45 GMT] "GET /stylesheets/style.css HTTP/1.1" 304 - "http://localhost:4000/" "Mozilla/5.0 (Windows NT 10.0; Win64; x64) AppleWebKit/537.36 (KHTML, like Gecko) Chrome/58.0.3029.96 Safari/537.36"
::1 - - [Thu, 04 May 2017 03:04:47 GMT] "GET /stylesheets/style.css HTTP/1.1" 304 - "http://localhost:4000/" "Mozilla/5.0 (Windows NT 10.0; Win64; x64) AppleWebKit/537.36 (KHTML, like Gecko) Chrome/58.0.3029.96 Safari/537.36"
::1 - - [Thu, 04 May 2017 03:04:51 GMT] "GET /p/590a9020262616113020afdd HTTP/1.1" 200 216 "http://localhost:4000/" "Mozilla/5.0 (Windows NT 10.0; Win64; x64) AppleWebKit/537.36 (KHTML, like Gecko) Chrome/58.0.3029.96 Safari/537.36"
::1 - - [Thu, 04 May 2017 03:05:05 GMT] "GET /p/590a9020262616113020afdd HTTP/1.1" 304 - "http://localhost:4000/" "Mozilla/5.0 (Windows NT 10.0; Win64; x64) AppleWebKit/537.36 (KHTML, like Gecko) Chrome/58.0.3029.96 Safari/537.36"
::1 - - [Thu, 04 May 2017 03:05:48 GMT] "GET /p/590a9020262616113020afdd HTTP/1.1" 500 2098 "http://localhost:4000/" "Mozilla/5.0 (Windows NT 10.0; Win64; x64) AppleWebKit/537.36 (KHTML, like Gecko) Chrome/58.0.3029.96 Safari/537.36"
::1 - - [Thu, 04 May 2017 03:06:51 GMT] "GET /p/590a9020262616113020afdd HTTP/1.1" 500 2879 "http://localhost:4000/" "Mozilla/5.0 (Windows NT 10.0; Win64; x64) AppleWebKit/537.36 (KHTML, like Gecko) Chrome/58.0.3029.96 Safari/537.36"
::1 - - [Thu, 04 May 2017 03:08:47 GMT] "GET /p/590a9020262616113020afdd HTTP/1.1" 500 2879 "http://localhost:4000/" "Mozilla/5.0 (Windows NT 10.0; Win64; x64) AppleWebKit/537.36 (KHTML, like Gecko) Chrome/58.0.3029.96 Safari/537.36"
::1 - - [Thu, 04 May 2017 03:09:34 GMT] "GET /p/590a9020262616113020afdd HTTP/1.1" 200 1746 "http://localhost:4000/" "Mozilla/5.0 (Windows NT 10.0; Win64; x64) AppleWebKit/537.36 (KHTML, like Gecko) Chrome/58.0.3029.96 Safari/537.36"
::1 - - [Thu, 04 May 2017 03:09:34 GMT] "GET /stylesheets/style.css HTTP/1.1" 304 - "http://localhost:4000/p/590a9020262616113020afdd" "Mozilla/5.0 (Windows NT 10.0; Win64; x64) AppleWebKit/537.36 (KHTML, like Gecko) Chrome/58.0.3029.96 Safari/537.36"
::1 - - [Thu, 04 May 2017 03:10:05 GMT] "GET /p/590a9020262616113020afdd HTTP/1.1" 304 - "http://localhost:4000/" "Mozilla/5.0 (Windows NT 10.0; Win64; x64) AppleWebKit/537.36 (KHTML, like Gecko) Chrome/58.0.3029.96 Safari/537.36"
::1 - - [Thu, 04 May 2017 03:10:05 GMT] "GET /stylesheets/style.css HTTP/1.1" 304 - "http://localhost:4000/p/590a9020262616113020afdd" "Mozilla/5.0 (Windows NT 10.0; Win64; x64) AppleWebKit/537.36 (KHTML, like Gecko) Chrome/58.0.3029.96 Safari/537.36"
::1 - - [Thu, 04 May 2017 03:10:06 GMT] "GET /edit/wuchujiang/2017-5-4/%E4%BD%95%E5%8E%BB%E4%BD%95%E4%BB%8E HTTP/1.1" 200 1269 "http://localhost:4000/p/590a9020262616113020afdd" "Mozilla/5.0 (Windows NT 10.0; Win64; x64) AppleWebKit/537.36 (KHTML, like Gecko) Chrome/58.0.3029.96 Safari/537.36"
::1 - - [Thu, 04 May 2017 03:10:06 GMT] "GET /stylesheets/style.css HTTP/1.1" 304 - "http://localhost:4000/edit/wuchujiang/2017-5-4/%E4%BD%95%E5%8E%BB%E4%BD%95%E4%BB%8E" "Mozilla/5.0 (Windows NT 10.0; Win64; x64) AppleWebKit/537.36 (KHTML, like Gecko) Chrome/58.0.3029.96 Safari/537.36"
::1 - - [Thu, 04 May 2017 03:16:36 GMT] "GET /p/590a9020262616113020afdd HTTP/1.1" 200 1730 "http://localhost:4000/" "Mozilla/5.0 (Windows NT 10.0; Win64; x64) AppleWebKit/537.36 (KHTML, like Gecko) Chrome/58.0.3029.96 Safari/537.36"
::1 - - [Thu, 04 May 2017 03:16:36 GMT] "GET /stylesheets/style.css HTTP/1.1" 304 - "http://localhost:4000/p/590a9020262616113020afdd" "Mozilla/5.0 (Windows NT 10.0; Win64; x64) AppleWebKit/537.36 (KHTML, like Gecko) Chrome/58.0.3029.96 Safari/537.36"
::1 - - [Thu, 04 May 2017 03:16:39 GMT] "GET / HTTP/1.1" 304 - "http://localhost:4000/p/590a9020262616113020afdd" "Mozilla/5.0 (Windows NT 10.0; Win64; x64) AppleWebKit/537.36 (KHTML, like Gecko) Chrome/58.0.3029.96 Safari/537.36"
::1 - - [Thu, 04 May 2017 03:16:39 GMT] "GET /stylesheets/style.css HTTP/1.1" 304 - "http://localhost:4000/" "Mozilla/5.0 (Windows NT 10.0; Win64; x64) AppleWebKit/537.36 (KHTML, like Gecko) Chrome/58.0.3029.96 Safari/537.36"
::1 - - [Thu, 04 May 2017 03:16:40 GMT] "GET /p/590a9020262616113020afdd HTTP/1.1" 304 - "http://localhost:4000/" "Mozilla/5.0 (Windows NT 10.0; Win64; x64) AppleWebKit/537.36 (KHTML, like Gecko) Chrome/58.0.3029.96 Safari/537.36"
::1 - - [Thu, 04 May 2017 03:16:40 GMT] "GET /stylesheets/style.css HTTP/1.1" 304 - "http://localhost:4000/p/590a9020262616113020afdd" "Mozilla/5.0 (Windows NT 10.0; Win64; x64) AppleWebKit/537.36 (KHTML, like Gecko) Chrome/58.0.3029.96 Safari/537.36"
::1 - - [Thu, 04 May 2017 03:16:44 GMT] "GET /edit/590a9020262616113020afdd HTTP/1.1" 200 216 "http://localhost:4000/p/590a9020262616113020afdd" "Mozilla/5.0 (Windows NT 10.0; Win64; x64) AppleWebKit/537.36 (KHTML, like Gecko) Chrome/58.0.3029.96 Safari/537.36"
::1 - - [Thu, 04 May 2017 03:21:14 GMT] "GET /edit/590a9020262616113020afdd HTTP/1.1" 200 1269 "-" "Mozilla/5.0 (Windows NT 10.0; Win64; x64) AppleWebKit/537.36 (KHTML, like Gecko) Chrome/58.0.3029.96 Safari/537.36"
::1 - - [Thu, 04 May 2017 03:21:14 GMT] "GET /stylesheets/style.css HTTP/1.1" 304 - "http://localhost:4000/edit/590a9020262616113020afdd" "Mozilla/5.0 (Windows NT 10.0; Win64; x64) AppleWebKit/537.36 (KHTML, like Gecko) Chrome/58.0.3029.96 Safari/537.36"
::1 - - [Thu, 04 May 2017 03:21:18 GMT] "POST /edit/590a9020262616113020afdd HTTP/1.1" 200 216 "http://localhost:4000/edit/590a9020262616113020afdd" "Mozilla/5.0 (Windows NT 10.0; Win64; x64) AppleWebKit/537.36 (KHTML, like Gecko) Chrome/58.0.3029.96 Safari/537.36"
::1 - - [Thu, 04 May 2017 03:21:22 GMT] "GET /edit/590a9020262616113020afdd HTTP/1.1" 200 1269 "-" "Mozilla/5.0 (Windows NT 10.0; Win64; x64) AppleWebKit/537.36 (KHTML, like Gecko) Chrome/58.0.3029.96 Safari/537.36"
::1 - - [Thu, 04 May 2017 03:21:24 GMT] "POST /edit/590a9020262616113020afdd HTTP/1.1" 200 216 "http://localhost:4000/edit/590a9020262616113020afdd" "Mozilla/5.0 (Windows NT 10.0; Win64; x64) AppleWebKit/537.36 (KHTML, like Gecko) Chrome/58.0.3029.96 Safari/537.36"
::1 - - [Thu, 04 May 2017 03:21:26 GMT] "GET /edit/590a9020262616113020afdd HTTP/1.1" 200 1269 "-" "Mozilla/5.0 (Windows NT 10.0; Win64; x64) AppleWebKit/537.36 (KHTML, like Gecko) Chrome/58.0.3029.96 Safari/537.36"
::1 - - [Thu, 04 May 2017 03:21:28 GMT] "GET / HTTP/1.1" 304 - "http://localhost:4000/edit/590a9020262616113020afdd" "Mozilla/5.0 (Windows NT 10.0; Win64; x64) AppleWebKit/537.36 (KHTML, like Gecko) Chrome/58.0.3029.96 Safari/537.36"
::1 - - [Thu, 04 May 2017 03:21:28 GMT] "GET /stylesheets/style.css HTTP/1.1" 304 - "http://localhost:4000/" "Mozilla/5.0 (Windows NT 10.0; Win64; x64) AppleWebKit/537.36 (KHTML, like Gecko) Chrome/58.0.3029.96 Safari/537.36"
::1 - - [Thu, 04 May 2017 03:21:29 GMT] "GET /p/590a9020262616113020afdd HTTP/1.1" 304 - "http://localhost:4000/" "Mozilla/5.0 (Windows NT 10.0; Win64; x64) AppleWebKit/537.36 (KHTML, like Gecko) Chrome/58.0.3029.96 Safari/537.36"
::1 - - [Thu, 04 May 2017 03:21:29 GMT] "GET /stylesheets/style.css HTTP/1.1" 304 - "http://localhost:4000/p/590a9020262616113020afdd" "Mozilla/5.0 (Windows NT 10.0; Win64; x64) AppleWebKit/537.36 (KHTML, like Gecko) Chrome/58.0.3029.96 Safari/537.36"
::1 - - [Thu, 04 May 2017 03:21:30 GMT] "GET /edit/590a9020262616113020afdd HTTP/1.1" 304 - "http://localhost:4000/p/590a9020262616113020afdd" "Mozilla/5.0 (Windows NT 10.0; Win64; x64) AppleWebKit/537.36 (KHTML, like Gecko) Chrome/58.0.3029.96 Safari/537.36"
::1 - - [Thu, 04 May 2017 03:21:30 GMT] "GET /stylesheets/style.css HTTP/1.1" 304 - "http://localhost:4000/edit/590a9020262616113020afdd" "Mozilla/5.0 (Windows NT 10.0; Win64; x64) AppleWebKit/537.36 (KHTML, like Gecko) Chrome/58.0.3029.96 Safari/537.36"
::1 - - [Thu, 04 May 2017 03:21:34 GMT] "GET /tags/%E5%85%A8%E7%90%8332 HTTP/1.1" 200 904 "http://localhost:4000/p/590a9020262616113020afdd" "Mozilla/5.0 (Windows NT 10.0; Win64; x64) AppleWebKit/537.36 (KHTML, like Gecko) Chrome/58.0.3029.96 Safari/537.36"
::1 - - [Thu, 04 May 2017 03:21:34 GMT] "GET /stylesheets/style.css HTTP/1.1" 304 - "http://localhost:4000/tags/%E5%85%A8%E7%90%8332" "Mozilla/5.0 (Windows NT 10.0; Win64; x64) AppleWebKit/537.36 (KHTML, like Gecko) Chrome/58.0.3029.96 Safari/537.36"
::1 - - [Thu, 04 May 2017 03:21:36 GMT] "GET /p/590a9020262616113020afdd HTTP/1.1" 304 - "http://localhost:4000/tags/%E5%85%A8%E7%90%8332" "Mozilla/5.0 (Windows NT 10.0; Win64; x64) AppleWebKit/537.36 (KHTML, like Gecko) Chrome/58.0.3029.96 Safari/537.36"
::1 - - [Thu, 04 May 2017 03:21:36 GMT] "GET /stylesheets/style.css HTTP/1.1" 304 - "http://localhost:4000/p/590a9020262616113020afdd" "Mozilla/5.0 (Windows NT 10.0; Win64; x64) AppleWebKit/537.36 (KHTML, like Gecko) Chrome/58.0.3029.96 Safari/537.36"
::1 - - [Thu, 04 May 2017 03:21:39 GMT] "GET /tags/1%E9%A2%9D%E6%89%93%E9%94%99 HTTP/1.1" 200 906 "http://localhost:4000/p/590a9020262616113020afdd" "Mozilla/5.0 (Windows NT 10.0; Win64; x64) AppleWebKit/537.36 (KHTML, like Gecko) Chrome/58.0.3029.96 Safari/537.36"
::1 - - [Thu, 04 May 2017 03:21:39 GMT] "GET /stylesheets/style.css HTTP/1.1" 304 - "http://localhost:4000/tags/1%E9%A2%9D%E6%89%93%E9%94%99" "Mozilla/5.0 (Windows NT 10.0; Win64; x64) AppleWebKit/537.36 (KHTML, like Gecko) Chrome/58.0.3029.96 Safari/537.36"
::1 - - [Thu, 04 May 2017 03:21:40 GMT] "GET /p/590a9020262616113020afdd HTTP/1.1" 304 - "http://localhost:4000/tags/1%E9%A2%9D%E6%89%93%E9%94%99" "Mozilla/5.0 (Windows NT 10.0; Win64; x64) AppleWebKit/537.36 (KHTML, like Gecko) Chrome/58.0.3029.96 Safari/537.36"
::1 - - [Thu, 04 May 2017 03:21:40 GMT] "GET /stylesheets/style.css HTTP/1.1" 304 - "http://localhost:4000/p/590a9020262616113020afdd" "Mozilla/5.0 (Windows NT 10.0; Win64; x64) AppleWebKit/537.36 (KHTML, like Gecko) Chrome/58.0.3029.96 Safari/537.36"
::1 - - [Thu, 04 May 2017 03:21:42 GMT] "GET /post HTTP/1.1" 304 - "http://localhost:4000/p/590a9020262616113020afdd" "Mozilla/5.0 (Windows NT 10.0; Win64; x64) AppleWebKit/537.36 (KHTML, like Gecko) Chrome/58.0.3029.96 Safari/537.36"
::1 - - [Thu, 04 May 2017 03:21:42 GMT] "GET /stylesheets/style.css HTTP/1.1" 304 - "http://localhost:4000/post" "Mozilla/5.0 (Windows NT 10.0; Win64; x64) AppleWebKit/537.36 (KHTML, like Gecko) Chrome/58.0.3029.96 Safari/537.36"
::1 - - [Thu, 04 May 2017 03:21:49 GMT] "POST /post HTTP/1.1" 302 46 "http://localhost:4000/post" "Mozilla/5.0 (Windows NT 10.0; Win64; x64) AppleWebKit/537.36 (KHTML, like Gecko) Chrome/58.0.3029.96 Safari/537.36"
::1 - - [Thu, 04 May 2017 03:21:49 GMT] "GET / HTTP/1.1" 200 1837 "http://localhost:4000/post" "Mozilla/5.0 (Windows NT 10.0; Win64; x64) AppleWebKit/537.36 (KHTML, like Gecko) Chrome/58.0.3029.96 Safari/537.36"
::1 - - [Thu, 04 May 2017 03:21:49 GMT] "GET /stylesheets/style.css HTTP/1.1" 304 - "http://localhost:4000/" "Mozilla/5.0 (Windows NT 10.0; Win64; x64) AppleWebKit/537.36 (KHTML, like Gecko) Chrome/58.0.3029.96 Safari/537.36"
::1 - - [Thu, 04 May 2017 03:21:52 GMT] "GET /p/590a9e4cb54d4d22a0f04bd6 HTTP/1.1" 200 1640 "http://localhost:4000/" "Mozilla/5.0 (Windows NT 10.0; Win64; x64) AppleWebKit/537.36 (KHTML, like Gecko) Chrome/58.0.3029.96 Safari/537.36"
::1 - - [Thu, 04 May 2017 03:21:52 GMT] "GET /stylesheets/style.css HTTP/1.1" 304 - "http://localhost:4000/p/590a9e4cb54d4d22a0f04bd6" "Mozilla/5.0 (Windows NT 10.0; Win64; x64) AppleWebKit/537.36 (KHTML, like Gecko) Chrome/58.0.3029.96 Safari/537.36"
::1 - - [Thu, 04 May 2017 03:21:59 GMT] "GET /p/590a9e4cb54d4d22a0f04bd6 HTTP/1.1" 304 - "http://localhost:4000/" "Mozilla/5.0 (Windows NT 10.0; Win64; x64) AppleWebKit/537.36 (KHTML, like Gecko) Chrome/58.0.3029.96 Safari/537.36"
::1 - - [Thu, 04 May 2017 03:21:59 GMT] "GET /stylesheets/style.css HTTP/1.1" 304 - "http://localhost:4000/p/590a9e4cb54d4d22a0f04bd6" "Mozilla/5.0 (Windows NT 10.0; Win64; x64) AppleWebKit/537.36 (KHTML, like Gecko) Chrome/58.0.3029.96 Safari/537.36"
::1 - - [Thu, 04 May 2017 03:22:02 GMT] "GET /tags/2 HTTP/1.1" 200 890 "http://localhost:4000/p/590a9e4cb54d4d22a0f04bd6" "Mozilla/5.0 (Windows NT 10.0; Win64; x64) AppleWebKit/537.36 (KHTML, like Gecko) Chrome/58.0.3029.96 Safari/537.36"
::1 - - [Thu, 04 May 2017 03:22:02 GMT] "GET /stylesheets/style.css HTTP/1.1" 304 - "http://localhost:4000/tags/2" "Mozilla/5.0 (Windows NT 10.0; Win64; x64) AppleWebKit/537.36 (KHTML, like Gecko) Chrome/58.0.3029.96 Safari/537.36"
::1 - - [Thu, 04 May 2017 03:22:04 GMT] "GET /p/590a9e4cb54d4d22a0f04bd6 HTTP/1.1" 304 - "http://localhost:4000/tags/2" "Mozilla/5.0 (Windows NT 10.0; Win64; x64) AppleWebKit/537.36 (KHTML, like Gecko) Chrome/58.0.3029.96 Safari/537.36"
::1 - - [Thu, 04 May 2017 03:22:04 GMT] "GET /stylesheets/style.css HTTP/1.1" 304 - "http://localhost:4000/p/590a9e4cb54d4d22a0f04bd6" "Mozilla/5.0 (Windows NT 10.0; Win64; x64) AppleWebKit/537.36 (KHTML, like Gecko) Chrome/58.0.3029.96 Safari/537.36"
::1 - - [Thu, 04 May 2017 03:22:06 GMT] "GET /edit/590a9e4cb54d4d22a0f04bd6 HTTP/1.1" 200 1213 "http://localhost:4000/p/590a9e4cb54d4d22a0f04bd6" "Mozilla/5.0 (Windows NT 10.0; Win64; x64) AppleWebKit/537.36 (KHTML, like Gecko) Chrome/58.0.3029.96 Safari/537.36"
::1 - - [Thu, 04 May 2017 03:22:06 GMT] "GET /stylesheets/style.css HTTP/1.1" 304 - "http://localhost:4000/edit/590a9e4cb54d4d22a0f04bd6" "Mozilla/5.0 (Windows NT 10.0; Win64; x64) AppleWebKit/537.36 (KHTML, like Gecko) Chrome/58.0.3029.96 Safari/537.36"
::1 - - [Thu, 04 May 2017 03:22:09 GMT] "POST /edit/590a9e4cb54d4d22a0f04bd6 HTTP/1.1" 200 216 "http://localhost:4000/edit/590a9e4cb54d4d22a0f04bd6" "Mozilla/5.0 (Windows NT 10.0; Win64; x64) AppleWebKit/537.36 (KHTML, like Gecko) Chrome/58.0.3029.96 Safari/537.36"
::1 - - [Thu, 04 May 2017 03:22:10 GMT] "GET /edit/590a9e4cb54d4d22a0f04bd6 HTTP/1.1" 200 1213 "http://localhost:4000/p/590a9e4cb54d4d22a0f04bd6" "Mozilla/5.0 (Windows NT 10.0; Win64; x64) AppleWebKit/537.36 (KHTML, like Gecko) Chrome/58.0.3029.96 Safari/537.36"
::1 - - [Thu, 04 May 2017 03:23:58 GMT] "GET /edit/590a9e4cb54d4d22a0f04bd6 HTTP/1.1" 304 - "http://localhost:4000/p/590a9e4cb54d4d22a0f04bd6" "Mozilla/5.0 (Windows NT 10.0; Win64; x64) AppleWebKit/537.36 (KHTML, like Gecko) Chrome/58.0.3029.96 Safari/537.36"
::1 - - [Thu, 04 May 2017 03:23:58 GMT] "GET /stylesheets/style.css HTTP/1.1" 304 - "http://localhost:4000/edit/590a9e4cb54d4d22a0f04bd6" "Mozilla/5.0 (Windows NT 10.0; Win64; x64) AppleWebKit/537.36 (KHTML, like Gecko) Chrome/58.0.3029.96 Safari/537.36"
::1 - - [Thu, 04 May 2017 03:24:00 GMT] "POST /edit/590a9e4cb54d4d22a0f04bd6 HTTP/1.1" 200 216 "http://localhost:4000/edit/590a9e4cb54d4d22a0f04bd6" "Mozilla/5.0 (Windows NT 10.0; Win64; x64) AppleWebKit/537.36 (KHTML, like Gecko) Chrome/58.0.3029.96 Safari/537.36"
::1 - - [Thu, 04 May 2017 03:24:03 GMT] "GET /edit/590a9e4cb54d4d22a0f04bd6 HTTP/1.1" 200 1213 "http://localhost:4000/p/590a9e4cb54d4d22a0f04bd6" "Mozilla/5.0 (Windows NT 10.0; Win64; x64) AppleWebKit/537.36 (KHTML, like Gecko) Chrome/58.0.3029.96 Safari/537.36"
::1 - - [Thu, 04 May 2017 03:24:05 GMT] "POST /edit/590a9e4cb54d4d22a0f04bd6 HTTP/1.1" 200 216 "http://localhost:4000/edit/590a9e4cb54d4d22a0f04bd6" "Mozilla/5.0 (Windows NT 10.0; Win64; x64) AppleWebKit/537.36 (KHTML, like Gecko) Chrome/58.0.3029.96 Safari/537.36"
::1 - - [Thu, 04 May 2017 03:24:08 GMT] "GET /edit/590a9e4cb54d4d22a0f04bd6 HTTP/1.1" 200 1213 "http://localhost:4000/p/590a9e4cb54d4d22a0f04bd6" "Mozilla/5.0 (Windows NT 10.0; Win64; x64) AppleWebKit/537.36 (KHTML, like Gecko) Chrome/58.0.3029.96 Safari/537.36"
::1 - - [Thu, 04 May 2017 03:24:49 GMT] "GET /edit/590a9e4cb54d4d22a0f04bd6 HTTP/1.1" 304 - "http://localhost:4000/p/590a9e4cb54d4d22a0f04bd6" "Mozilla/5.0 (Windows NT 10.0; Win64; x64) AppleWebKit/537.36 (KHTML, like Gecko) Chrome/58.0.3029.96 Safari/537.36"
::1 - - [Thu, 04 May 2017 03:24:49 GMT] "GET /stylesheets/style.css HTTP/1.1" 304 - "http://localhost:4000/edit/590a9e4cb54d4d22a0f04bd6" "Mozilla/5.0 (Windows NT 10.0; Win64; x64) AppleWebKit/537.36 (KHTML, like Gecko) Chrome/58.0.3029.96 Safari/537.36"
::1 - - [Thu, 04 May 2017 03:24:51 GMT] "POST /edit/590a9e4cb54d4d22a0f04bd6 HTTP/1.1" 200 216 "http://localhost:4000/edit/590a9e4cb54d4d22a0f04bd6" "Mozilla/5.0 (Windows NT 10.0; Win64; x64) AppleWebKit/537.36 (KHTML, like Gecko) Chrome/58.0.3029.96 Safari/537.36"
::1 - - [Thu, 04 May 2017 03:29:55 GMT] "GET /edit/590a9e4cb54d4d22a0f04bd6 HTTP/1.1" 200 1213 "http://localhost:4000/p/590a9e4cb54d4d22a0f04bd6" "Mozilla/5.0 (Windows NT 10.0; Win64; x64) AppleWebKit/537.36 (KHTML, like Gecko) Chrome/58.0.3029.96 Safari/537.36"
::1 - - [Thu, 04 May 2017 03:29:55 GMT] "GET /edit/590a9e4cb54d4d22a0f04bd6 HTTP/1.1" 304 - "http://localhost:4000/p/590a9e4cb54d4d22a0f04bd6" "Mozilla/5.0 (Windows NT 10.0; Win64; x64) AppleWebKit/537.36 (KHTML, like Gecko) Chrome/58.0.3029.96 Safari/537.36"
::1 - - [Thu, 04 May 2017 03:29:55 GMT] "GET /stylesheets/style.css HTTP/1.1" 304 - "http://localhost:4000/edit/590a9e4cb54d4d22a0f04bd6" "Mozilla/5.0 (Windows NT 10.0; Win64; x64) AppleWebKit/537.36 (KHTML, like Gecko) Chrome/58.0.3029.96 Safari/537.36"
::1 - - [Thu, 04 May 2017 03:29:56 GMT] "GET /edit/590a9e4cb54d4d22a0f04bd6 HTTP/1.1" 304 - "http://localhost:4000/p/590a9e4cb54d4d22a0f04bd6" "Mozilla/5.0 (Windows NT 10.0; Win64; x64) AppleWebKit/537.36 (KHTML, like Gecko) Chrome/58.0.3029.96 Safari/537.36"
::1 - - [Thu, 04 May 2017 03:29:56 GMT] "GET /stylesheets/style.css HTTP/1.1" 304 - "http://localhost:4000/edit/590a9e4cb54d4d22a0f04bd6" "Mozilla/5.0 (Windows NT 10.0; Win64; x64) AppleWebKit/537.36 (KHTML, like Gecko) Chrome/58.0.3029.96 Safari/537.36"
::1 - - [Thu, 04 May 2017 03:29:58 GMT] "POST /edit/590a9e4cb54d4d22a0f04bd6 HTTP/1.1" 302 98 "http://localhost:4000/edit/590a9e4cb54d4d22a0f04bd6" "Mozilla/5.0 (Windows NT 10.0; Win64; x64) AppleWebKit/537.36 (KHTML, like Gecko) Chrome/58.0.3029.96 Safari/537.36"
::1 - - [Thu, 04 May 2017 03:29:58 GMT] "GET /p/590a9e4cb54d4d22a0f04bd6 HTTP/1.1" 200 1669 "http://localhost:4000/edit/590a9e4cb54d4d22a0f04bd6" "Mozilla/5.0 (Windows NT 10.0; Win64; x64) AppleWebKit/537.36 (KHTML, like Gecko) Chrome/58.0.3029.96 Safari/537.36"
::1 - - [Thu, 04 May 2017 03:29:58 GMT] "GET /stylesheets/style.css HTTP/1.1" 304 - "http://localhost:4000/p/590a9e4cb54d4d22a0f04bd6" "Mozilla/5.0 (Windows NT 10.0; Win64; x64) AppleWebKit/537.36 (KHTML, like Gecko) Chrome/58.0.3029.96 Safari/537.36"
::1 - - [Thu, 04 May 2017 03:30:03 GMT] "GET /edit/590a9e4cb54d4d22a0f04bd6 HTTP/1.1" 200 1213 "http://localhost:4000/p/590a9e4cb54d4d22a0f04bd6" "Mozilla/5.0 (Windows NT 10.0; Win64; x64) AppleWebKit/537.36 (KHTML, like Gecko) Chrome/58.0.3029.96 Safari/537.36"
::1 - - [Thu, 04 May 2017 03:30:03 GMT] "GET /stylesheets/style.css HTTP/1.1" 304 - "http://localhost:4000/edit/590a9e4cb54d4d22a0f04bd6" "Mozilla/5.0 (Windows NT 10.0; Win64; x64) AppleWebKit/537.36 (KHTML, like Gecko) Chrome/58.0.3029.96 Safari/537.36"
::1 - - [Thu, 04 May 2017 03:30:06 GMT] "POST /edit/590a9e4cb54d4d22a0f04bd6 HTTP/1.1" 302 98 "http://localhost:4000/edit/590a9e4cb54d4d22a0f04bd6" "Mozilla/5.0 (Windows NT 10.0; Win64; x64) AppleWebKit/537.36 (KHTML, like Gecko) Chrome/58.0.3029.96 Safari/537.36"
::1 - - [Thu, 04 May 2017 03:30:06 GMT] "GET /p/590a9e4cb54d4d22a0f04bd6 HTTP/1.1" 304 - "http://localhost:4000/edit/590a9e4cb54d4d22a0f04bd6" "Mozilla/5.0 (Windows NT 10.0; Win64; x64) AppleWebKit/537.36 (KHTML, like Gecko) Chrome/58.0.3029.96 Safari/537.36"
::1 - - [Thu, 04 May 2017 03:30:06 GMT] "GET /stylesheets/style.css HTTP/1.1" 304 - "http://localhost:4000/p/590a9e4cb54d4d22a0f04bd6" "Mozilla/5.0 (Windows NT 10.0; Win64; x64) AppleWebKit/537.36 (KHTML, like Gecko) Chrome/58.0.3029.96 Safari/537.36"
::1 - - [Thu, 04 May 2017 03:30:08 GMT] "GET /p/590a9e4cb54d4d22a0f04bd6 HTTP/1.1" 200 1640 "http://localhost:4000/edit/590a9e4cb54d4d22a0f04bd6" "Mozilla/5.0 (Windows NT 10.0; Win64; x64) AppleWebKit/537.36 (KHTML, like Gecko) Chrome/58.0.3029.96 Safari/537.36"
::1 - - [Thu, 04 May 2017 03:30:08 GMT] "GET /stylesheets/style.css HTTP/1.1" 304 - "http://localhost:4000/p/590a9e4cb54d4d22a0f04bd6" "Mozilla/5.0 (Windows NT 10.0; Win64; x64) AppleWebKit/537.36 (KHTML, like Gecko) Chrome/58.0.3029.96 Safari/537.36"
::1 - - [Thu, 04 May 2017 03:30:10 GMT] "GET /edit/590a9e4cb54d4d22a0f04bd6 HTTP/1.1" 200 1213 "http://localhost:4000/p/590a9e4cb54d4d22a0f04bd6" "Mozilla/5.0 (Windows NT 10.0; Win64; x64) AppleWebKit/537.36 (KHTML, like Gecko) Chrome/58.0.3029.96 Safari/537.36"
::1 - - [Thu, 04 May 2017 03:30:10 GMT] "GET /stylesheets/style.css HTTP/1.1" 304 - "http://localhost:4000/edit/590a9e4cb54d4d22a0f04bd6" "Mozilla/5.0 (Windows NT 10.0; Win64; x64) AppleWebKit/537.36 (KHTML, like Gecko) Chrome/58.0.3029.96 Safari/537.36"
::1 - - [Thu, 04 May 2017 03:30:12 GMT] "POST /edit/590a9e4cb54d4d22a0f04bd6 HTTP/1.1" 302 98 "http://localhost:4000/edit/590a9e4cb54d4d22a0f04bd6" "Mozilla/5.0 (Windows NT 10.0; Win64; x64) AppleWebKit/537.36 (KHTML, like Gecko) Chrome/58.0.3029.96 Safari/537.36"
::1 - - [Thu, 04 May 2017 03:30:12 GMT] "GET /p/590a9e4cb54d4d22a0f04bd6 HTTP/1.1" 200 1669 "http://localhost:4000/edit/590a9e4cb54d4d22a0f04bd6" "Mozilla/5.0 (Windows NT 10.0; Win64; x64) AppleWebKit/537.36 (KHTML, like Gecko) Chrome/58.0.3029.96 Safari/537.36"
::1 - - [Thu, 04 May 2017 03:30:12 GMT] "GET /stylesheets/style.css HTTP/1.1" 304 - "http://localhost:4000/p/590a9e4cb54d4d22a0f04bd6" "Mozilla/5.0 (Windows NT 10.0; Win64; x64) AppleWebKit/537.36 (KHTML, like Gecko) Chrome/58.0.3029.96 Safari/537.36"
::1 - - [Thu, 04 May 2017 03:30:17 GMT] "GET /edit/590a9e4cb54d4d22a0f04bd6 HTTP/1.1" 200 1213 "http://localhost:4000/p/590a9e4cb54d4d22a0f04bd6" "Mozilla/5.0 (Windows NT 10.0; Win64; x64) AppleWebKit/537.36 (KHTML, like Gecko) Chrome/58.0.3029.96 Safari/537.36"
::1 - - [Thu, 04 May 2017 03:30:17 GMT] "GET /stylesheets/style.css HTTP/1.1" 304 - "http://localhost:4000/edit/590a9e4cb54d4d22a0f04bd6" "Mozilla/5.0 (Windows NT 10.0; Win64; x64) AppleWebKit/537.36 (KHTML, like Gecko) Chrome/58.0.3029.96 Safari/537.36"
::1 - - [Thu, 04 May 2017 03:30:20 GMT] "POST /edit/590a9e4cb54d4d22a0f04bd6 HTTP/1.1" 302 98 "http://localhost:4000/edit/590a9e4cb54d4d22a0f04bd6" "Mozilla/5.0 (Windows NT 10.0; Win64; x64) AppleWebKit/537.36 (KHTML, like Gecko) Chrome/58.0.3029.96 Safari/537.36"
::1 - - [Thu, 04 May 2017 03:30:20 GMT] "GET /p/590a9e4cb54d4d22a0f04bd6 HTTP/1.1" 304 - "http://localhost:4000/edit/590a9e4cb54d4d22a0f04bd6" "Mozilla/5.0 (Windows NT 10.0; Win64; x64) AppleWebKit/537.36 (KHTML, like Gecko) Chrome/58.0.3029.96 Safari/537.36"
::1 - - [Thu, 04 May 2017 03:30:20 GMT] "GET /stylesheets/style.css HTTP/1.1" 304 - "http://localhost:4000/p/590a9e4cb54d4d22a0f04bd6" "Mozilla/5.0 (Windows NT 10.0; Win64; x64) AppleWebKit/537.36 (KHTML, like Gecko) Chrome/58.0.3029.96 Safari/537.36"
::1 - - [Thu, 04 May 2017 03:30:24 GMT] "GET /tags/3 HTTP/1.1" 200 890 "http://localhost:4000/p/590a9e4cb54d4d22a0f04bd6" "Mozilla/5.0 (Windows NT 10.0; Win64; x64) AppleWebKit/537.36 (KHTML, like Gecko) Chrome/58.0.3029.96 Safari/537.36"
::1 - - [Thu, 04 May 2017 03:30:24 GMT] "GET /stylesheets/style.css HTTP/1.1" 304 - "http://localhost:4000/tags/3" "Mozilla/5.0 (Windows NT 10.0; Win64; x64) AppleWebKit/537.36 (KHTML, like Gecko) Chrome/58.0.3029.96 Safari/537.36"
::1 - - [Thu, 04 May 2017 03:30:24 GMT] "GET / HTTP/1.1" 200 1808 "http://localhost:4000/tags/3" "Mozilla/5.0 (Windows NT 10.0; Win64; x64) AppleWebKit/537.36 (KHTML, like Gecko) Chrome/58.0.3029.96 Safari/537.36"
::1 - - [Thu, 04 May 2017 03:30:24 GMT] "GET /stylesheets/style.css HTTP/1.1" 304 - "http://localhost:4000/" "Mozilla/5.0 (Windows NT 10.0; Win64; x64) AppleWebKit/537.36 (KHTML, like Gecko) Chrome/58.0.3029.96 Safari/537.36"
::1 - - [Thu, 04 May 2017 05:36:44 GMT] "GET /u/wuchujiang HTTP/1.1" 200 1772 "http://localhost:4000/" "Mozilla/5.0 (Windows NT 10.0; Win64; x64) AppleWebKit/537.36 (KHTML, like Gecko) Chrome/58.0.3029.96 Safari/537.36"
::1 - - [Thu, 04 May 2017 05:36:44 GMT] "GET /stylesheets/style.css HTTP/1.1" 304 - "http://localhost:4000/u/wuchujiang" "Mozilla/5.0 (Windows NT 10.0; Win64; x64) AppleWebKit/537.36 (KHTML, like Gecko) Chrome/58.0.3029.96 Safari/537.36"
::1 - - [Thu, 04 May 2017 05:36:52 GMT] "GET /search?keyword=11212 HTTP/1.1" 200 897 "http://localhost:4000/u/wuchujiang" "Mozilla/5.0 (Windows NT 10.0; Win64; x64) AppleWebKit/537.36 (KHTML, like Gecko) Chrome/58.0.3029.96 Safari/537.36"
::1 - - [Thu, 04 May 2017 05:36:52 GMT] "GET /stylesheets/style.css HTTP/1.1" 304 - "http://localhost:4000/search?keyword=11212" "Mozilla/5.0 (Windows NT 10.0; Win64; x64) AppleWebKit/537.36 (KHTML, like Gecko) Chrome/58.0.3029.96 Safari/537.36"
::1 - - [Thu, 04 May 2017 05:36:54 GMT] "GET /p/590a9e4cb54d4d22a0f04bd6 HTTP/1.1" 200 1640 "http://localhost:4000/search?keyword=11212" "Mozilla/5.0 (Windows NT 10.0; Win64; x64) AppleWebKit/537.36 (KHTML, like Gecko) Chrome/58.0.3029.96 Safari/537.36"
::1 - - [Thu, 04 May 2017 05:36:54 GMT] "GET /stylesheets/style.css HTTP/1.1" 304 - "http://localhost:4000/p/590a9e4cb54d4d22a0f04bd6" "Mozilla/5.0 (Windows NT 10.0; Win64; x64) AppleWebKit/537.36 (KHTML, like Gecko) Chrome/58.0.3029.96 Safari/537.36"
::1 - - [Thu, 04 May 2017 05:37:03 GMT] "GET /p/590a9e4cb54d4d22a0f04bd6 HTTP/1.1" 304 - "http://localhost:4000/search?keyword=11212" "Mozilla/5.0 (Windows NT 10.0; Win64; x64) AppleWebKit/537.36 (KHTML, like Gecko) Chrome/58.0.3029.96 Safari/537.36"
::1 - - [Thu, 04 May 2017 05:37:04 GMT] "GET /stylesheets/style.css HTTP/1.1" 304 - "http://localhost:4000/p/590a9e4cb54d4d22a0f04bd6" "Mozilla/5.0 (Windows NT 10.0; Win64; x64) AppleWebKit/537.36 (KHTML, like Gecko) Chrome/58.0.3029.96 Safari/537.36"
::1 - - [Thu, 04 May 2017 05:37:08 GMT] "POST /p/590a9e4cb54d4d22a0f04bd6 HTTP/1.1" 200 216 "http://localhost:4000/p/590a9e4cb54d4d22a0f04bd6" "Mozilla/5.0 (Windows NT 10.0; Win64; x64) AppleWebKit/537.36 (KHTML, like Gecko) Chrome/58.0.3029.96 Safari/537.36"
::1 - - [Thu, 04 May 2017 05:37:13 GMT] "GET /p/590a9e4cb54d4d22a0f04bd6 HTTP/1.1" 200 1640 "http://localhost:4000/search?keyword=11212" "Mozilla/5.0 (Windows NT 10.0; Win64; x64) AppleWebKit/537.36 (KHTML, like Gecko) Chrome/58.0.3029.96 Safari/537.36"
::1 - - [Thu, 04 May 2017 05:38:20 GMT] "GET /archive HTTP/1.1" 200 994 "http://localhost:4000/p/590a9e4cb54d4d22a0f04bd6" "Mozilla/5.0 (Windows NT 10.0; Win64; x64) AppleWebKit/537.36 (KHTML, like Gecko) Chrome/58.0.3029.96 Safari/537.36"
::1 - - [Thu, 04 May 2017 05:38:20 GMT] "GET /stylesheets/style.css HTTP/1.1" 304 - "http://localhost:4000/archive" "Mozilla/5.0 (Windows NT 10.0; Win64; x64) AppleWebKit/537.36 (KHTML, like Gecko) Chrome/58.0.3029.96 Safari/537.36"
::1 - - [Thu, 04 May 2017 05:38:23 GMT] "GET /p/590a9e4cb54d4d22a0f04bd6 HTTP/1.1" 304 - "http://localhost:4000/archive" "Mozilla/5.0 (Windows NT 10.0; Win64; x64) AppleWebKit/537.36 (KHTML, like Gecko) Chrome/58.0.3029.96 Safari/537.36"
::1 - - [Thu, 04 May 2017 05:38:23 GMT] "GET /stylesheets/style.css HTTP/1.1" 304 - "http://localhost:4000/p/590a9e4cb54d4d22a0f04bd6" "Mozilla/5.0 (Windows NT 10.0; Win64; x64) AppleWebKit/537.36 (KHTML, like Gecko) Chrome/58.0.3029.96 Safari/537.36"
::1 - - [Thu, 04 May 2017 05:38:25 GMT] "GET /p/590a9020262616113020afdd HTTP/1.1" 304 - "http://localhost:4000/archive" "Mozilla/5.0 (Windows NT 10.0; Win64; x64) AppleWebKit/537.36 (KHTML, like Gecko) Chrome/58.0.3029.96 Safari/537.36"
::1 - - [Thu, 04 May 2017 05:38:26 GMT] "GET /stylesheets/style.css HTTP/1.1" 304 - "http://localhost:4000/p/590a9020262616113020afdd" "Mozilla/5.0 (Windows NT 10.0; Win64; x64) AppleWebKit/537.36 (KHTML, like Gecko) Chrome/58.0.3029.96 Safari/537.36"
::1 - - [Thu, 04 May 2017 05:38:28 GMT] "GET /p/590a9e4cb54d4d22a0f04bd6 HTTP/1.1" 304 - "http://localhost:4000/archive" "Mozilla/5.0 (Windows NT 10.0; Win64; x64) AppleWebKit/537.36 (KHTML, like Gecko) Chrome/58.0.3029.96 Safari/537.36"
::1 - - [Thu, 04 May 2017 05:38:28 GMT] "GET /stylesheets/style.css HTTP/1.1" 304 - "http://localhost:4000/p/590a9e4cb54d4d22a0f04bd6" "Mozilla/5.0 (Windows NT 10.0; Win64; x64) AppleWebKit/537.36 (KHTML, like Gecko) Chrome/58.0.3029.96 Safari/537.36"
::1 - - [Thu, 04 May 2017 05:43:23 GMT] "GET /p/590a9020262616113020afdd HTTP/1.1" 304 - "http://localhost:4000/archive" "Mozilla/5.0 (Windows NT 10.0; Win64; x64) AppleWebKit/537.36 (KHTML, like Gecko) Chrome/58.0.3029.96 Safari/537.36"
::1 - - [Thu, 04 May 2017 05:43:23 GMT] "GET /stylesheets/style.css HTTP/1.1" 304 - "http://localhost:4000/p/590a9020262616113020afdd" "Mozilla/5.0 (Windows NT 10.0; Win64; x64) AppleWebKit/537.36 (KHTML, like Gecko) Chrome/58.0.3029.96 Safari/537.36"
::1 - - [Thu, 04 May 2017 05:43:26 GMT] "POST /p/590a9020262616113020afdd HTTP/1.1" 200 216 "http://localhost:4000/p/590a9020262616113020afdd" "Mozilla/5.0 (Windows NT 10.0; Win64; x64) AppleWebKit/537.36 (KHTML, like Gecko) Chrome/58.0.3029.96 Safari/537.36"
::1 - - [Thu, 04 May 2017 05:43:34 GMT] "GET /p/590a9020262616113020afdd HTTP/1.1" 200 1730 "http://localhost:4000/archive" "Mozilla/5.0 (Windows NT 10.0; Win64; x64) AppleWebKit/537.36 (KHTML, like Gecko) Chrome/58.0.3029.96 Safari/537.36"
::1 - - [Thu, 04 May 2017 05:44:26 GMT] "GET /p/590a9020262616113020afdd HTTP/1.1" 304 - "http://localhost:4000/archive" "Mozilla/5.0 (Windows NT 10.0; Win64; x64) AppleWebKit/537.36 (KHTML, like Gecko) Chrome/58.0.3029.96 Safari/537.36"
::1 - - [Thu, 04 May 2017 05:44:26 GMT] "GET /stylesheets/style.css HTTP/1.1" 304 - "http://localhost:4000/p/590a9020262616113020afdd" "Mozilla/5.0 (Windows NT 10.0; Win64; x64) AppleWebKit/537.36 (KHTML, like Gecko) Chrome/58.0.3029.96 Safari/537.36"
::1 - - [Thu, 04 May 2017 05:44:28 GMT] "POST /p/590a9020262616113020afdd HTTP/1.1" 200 216 "http://localhost:4000/p/590a9020262616113020afdd" "Mozilla/5.0 (Windows NT 10.0; Win64; x64) AppleWebKit/537.36 (KHTML, like Gecko) Chrome/58.0.3029.96 Safari/537.36"
::1 - - [Thu, 04 May 2017 05:45:21 GMT] "GET /p/590a9020262616113020afdd HTTP/1.1" 200 1730 "http://localhost:4000/archive" "Mozilla/5.0 (Windows NT 10.0; Win64; x64) AppleWebKit/537.36 (KHTML, like Gecko) Chrome/58.0.3029.96 Safari/537.36"
::1 - - [Thu, 04 May 2017 05:45:22 GMT] "GET /p/590a9020262616113020afdd HTTP/1.1" 304 - "http://localhost:4000/archive" "Mozilla/5.0 (Windows NT 10.0; Win64; x64) AppleWebKit/537.36 (KHTML, like Gecko) Chrome/58.0.3029.96 Safari/537.36"
::1 - - [Thu, 04 May 2017 05:45:22 GMT] "GET /stylesheets/style.css HTTP/1.1" 304 - "http://localhost:4000/p/590a9020262616113020afdd" "Mozilla/5.0 (Windows NT 10.0; Win64; x64) AppleWebKit/537.36 (KHTML, like Gecko) Chrome/58.0.3029.96 Safari/537.36"
::1 - - [Thu, 04 May 2017 05:45:24 GMT] "POST /p/590a9020262616113020afdd HTTP/1.1" 302 140 "http://localhost:4000/p/590a9020262616113020afdd" "Mozilla/5.0 (Windows NT 10.0; Win64; x64) AppleWebKit/537.36 (KHTML, like Gecko) Chrome/58.0.3029.96 Safari/537.36"
::1 - - [Thu, 04 May 2017 05:45:24 GMT] "GET /p/590a9020262616113020afdd HTTP/1.1" 200 1888 "http://localhost:4000/p/590a9020262616113020afdd" "Mozilla/5.0 (Windows NT 10.0; Win64; x64) AppleWebKit/537.36 (KHTML, like Gecko) Chrome/58.0.3029.96 Safari/537.36"
::1 - - [Thu, 04 May 2017 05:45:24 GMT] "GET /stylesheets/style.css HTTP/1.1" 304 - "http://localhost:4000/p/590a9020262616113020afdd" "Mozilla/5.0 (Windows NT 10.0; Win64; x64) AppleWebKit/537.36 (KHTML, like Gecko) Chrome/58.0.3029.96 Safari/537.36"
::1 - - [Thu, 04 May 2017 05:45:28 GMT] "POST /p/590a9020262616113020afdd HTTP/1.1" 302 140 "http://localhost:4000/p/590a9020262616113020afdd" "Mozilla/5.0 (Windows NT 10.0; Win64; x64) AppleWebKit/537.36 (KHTML, like Gecko) Chrome/58.0.3029.96 Safari/537.36"
::1 - - [Thu, 04 May 2017 05:45:28 GMT] "GET /p/590a9020262616113020afdd HTTP/1.1" 200 2018 "http://localhost:4000/p/590a9020262616113020afdd" "Mozilla/5.0 (Windows NT 10.0; Win64; x64) AppleWebKit/537.36 (KHTML, like Gecko) Chrome/58.0.3029.96 Safari/537.36"
::1 - - [Thu, 04 May 2017 05:45:28 GMT] "GET /stylesheets/style.css HTTP/1.1" 304 - "http://localhost:4000/p/590a9020262616113020afdd" "Mozilla/5.0 (Windows NT 10.0; Win64; x64) AppleWebKit/537.36 (KHTML, like Gecko) Chrome/58.0.3029.96 Safari/537.36"
::1 - - [Thu, 04 May 2017 05:46:14 GMT] "GET / HTTP/1.1" 200 1808 "http://localhost:4000/p/590a9020262616113020afdd" "Mozilla/5.0 (Windows NT 10.0; Win64; x64) AppleWebKit/537.36 (KHTML, like Gecko) Chrome/58.0.3029.96 Safari/537.36"
::1 - - [Thu, 04 May 2017 05:46:14 GMT] "GET /stylesheets/style.css HTTP/1.1" 304 - "http://localhost:4000/" "Mozilla/5.0 (Windows NT 10.0; Win64; x64) AppleWebKit/537.36 (KHTML, like Gecko) Chrome/58.0.3029.96 Safari/537.36"
::1 - - [Thu, 04 May 2017 05:46:18 GMT] "GET /p/590a9020262616113020afdd HTTP/1.1" 200 1989 "http://localhost:4000/" "Mozilla/5.0 (Windows NT 10.0; Win64; x64) AppleWebKit/537.36 (KHTML, like Gecko) Chrome/58.0.3029.96 Safari/537.36"
::1 - - [Thu, 04 May 2017 05:46:18 GMT] "GET /stylesheets/style.css HTTP/1.1" 304 - "http://localhost:4000/p/590a9020262616113020afdd" "Mozilla/5.0 (Windows NT 10.0; Win64; x64) AppleWebKit/537.36 (KHTML, like Gecko) Chrome/58.0.3029.96 Safari/537.36"
::1 - - [Thu, 04 May 2017 05:46:20 GMT] "GET /edit/590a9020262616113020afdd HTTP/1.1" 304 - "http://localhost:4000/p/590a9020262616113020afdd" "Mozilla/5.0 (Windows NT 10.0; Win64; x64) AppleWebKit/537.36 (KHTML, like Gecko) Chrome/58.0.3029.96 Safari/537.36"
::1 - - [Thu, 04 May 2017 05:46:20 GMT] "GET /stylesheets/style.css HTTP/1.1" 304 - "http://localhost:4000/edit/590a9020262616113020afdd" "Mozilla/5.0 (Windows NT 10.0; Win64; x64) AppleWebKit/537.36 (KHTML, like Gecko) Chrome/58.0.3029.96 Safari/537.36"
::1 - - [Thu, 04 May 2017 05:46:23 GMT] "POST /edit/590a9020262616113020afdd HTTP/1.1" 302 98 "http://localhost:4000/edit/590a9020262616113020afdd" "Mozilla/5.0 (Windows NT 10.0; Win64; x64) AppleWebKit/537.36 (KHTML, like Gecko) Chrome/58.0.3029.96 Safari/537.36"
::1 - - [Thu, 04 May 2017 05:46:23 GMT] "GET /p/590a9020262616113020afdd HTTP/1.1" 200 2018 "http://localhost:4000/edit/590a9020262616113020afdd" "Mozilla/5.0 (Windows NT 10.0; Win64; x64) AppleWebKit/537.36 (KHTML, like Gecko) Chrome/58.0.3029.96 Safari/537.36"
::1 - - [Thu, 04 May 2017 05:46:23 GMT] "GET /stylesheets/style.css HTTP/1.1" 304 - "http://localhost:4000/p/590a9020262616113020afdd" "Mozilla/5.0 (Windows NT 10.0; Win64; x64) AppleWebKit/537.36 (KHTML, like Gecko) Chrome/58.0.3029.96 Safari/537.36"
::1 - - [Thu, 04 May 2017 05:46:40 GMT] "GET /edit/590a9020262616113020afdd HTTP/1.1" 200 1269 "http://localhost:4000/p/590a9020262616113020afdd" "Mozilla/5.0 (Windows NT 10.0; Win64; x64) AppleWebKit/537.36 (KHTML, like Gecko) Chrome/58.0.3029.96 Safari/537.36"
::1 - - [Thu, 04 May 2017 05:46:40 GMT] "GET /stylesheets/style.css HTTP/1.1" 304 - "http://localhost:4000/edit/590a9020262616113020afdd" "Mozilla/5.0 (Windows NT 10.0; Win64; x64) AppleWebKit/537.36 (KHTML, like Gecko) Chrome/58.0.3029.96 Safari/537.36"
::1 - - [Thu, 04 May 2017 05:46:42 GMT] "POST /edit/590a9020262616113020afdd HTTP/1.1" 302 98 "http://localhost:4000/edit/590a9020262616113020afdd" "Mozilla/5.0 (Windows NT 10.0; Win64; x64) AppleWebKit/537.36 (KHTML, like Gecko) Chrome/58.0.3029.96 Safari/537.36"
::1 - - [Thu, 04 May 2017 05:46:42 GMT] "GET /p/590a9020262616113020afdd HTTP/1.1" 304 - "http://localhost:4000/edit/590a9020262616113020afdd" "Mozilla/5.0 (Windows NT 10.0; Win64; x64) AppleWebKit/537.36 (KHTML, like Gecko) Chrome/58.0.3029.96 Safari/537.36"
::1 - - [Thu, 04 May 2017 05:46:43 GMT] "GET /stylesheets/style.css HTTP/1.1" 304 - "http://localhost:4000/p/590a9020262616113020afdd" "Mozilla/5.0 (Windows NT 10.0; Win64; x64) AppleWebKit/537.36 (KHTML, like Gecko) Chrome/58.0.3029.96 Safari/537.36"
::1 - - [Thu, 04 May 2017 05:50:06 GMT] "GET /edit/590a9020262616113020afdd HTTP/1.1" 200 1269 "http://localhost:4000/p/590a9020262616113020afdd" "Mozilla/5.0 (Windows NT 10.0; Win64; x64) AppleWebKit/537.36 (KHTML, like Gecko) Chrome/58.0.3029.96 Safari/537.36"
::1 - - [Thu, 04 May 2017 05:50:06 GMT] "GET /stylesheets/style.css HTTP/1.1" 304 - "http://localhost:4000/edit/590a9020262616113020afdd" "Mozilla/5.0 (Windows NT 10.0; Win64; x64) AppleWebKit/537.36 (KHTML, like Gecko) Chrome/58.0.3029.96 Safari/537.36"
::1 - - [Thu, 04 May 2017 05:50:18 GMT] "GET /edit/590a9020262616113020afdd HTTP/1.1" 304 - "http://localhost:4000/p/590a9020262616113020afdd" "Mozilla/5.0 (Windows NT 10.0; Win64; x64) AppleWebKit/537.36 (KHTML, like Gecko) Chrome/58.0.3029.96 Safari/537.36"
::1 - - [Thu, 04 May 2017 05:50:18 GMT] "GET /stylesheets/style.css HTTP/1.1" 304 - "http://localhost:4000/edit/590a9020262616113020afdd" "Mozilla/5.0 (Windows NT 10.0; Win64; x64) AppleWebKit/537.36 (KHTML, like Gecko) Chrome/58.0.3029.96 Safari/537.36"
::1 - - [Thu, 04 May 2017 05:50:24 GMT] "POST /edit/590a9020262616113020afdd HTTP/1.1" 302 98 "http://localhost:4000/edit/590a9020262616113020afdd" "Mozilla/5.0 (Windows NT 10.0; Win64; x64) AppleWebKit/537.36 (KHTML, like Gecko) Chrome/58.0.3029.96 Safari/537.36"
::1 - - [Thu, 04 May 2017 05:50:24 GMT] "GET /p/590a9020262616113020afdd HTTP/1.1" 304 - "http://localhost:4000/edit/590a9020262616113020afdd" "Mozilla/5.0 (Windows NT 10.0; Win64; x64) AppleWebKit/537.36 (KHTML, like Gecko) Chrome/58.0.3029.96 Safari/537.36"
::1 - - [Thu, 04 May 2017 05:50:24 GMT] "GET /stylesheets/style.css HTTP/1.1" 304 - "http://localhost:4000/p/590a9020262616113020afdd" "Mozilla/5.0 (Windows NT 10.0; Win64; x64) AppleWebKit/537.36 (KHTML, like Gecko) Chrome/58.0.3029.96 Safari/537.36"
::1 - - [Thu, 04 May 2017 05:52:00 GMT] "GET /stylesheets/style.css HTTP/1.1" 304 - "http://localhost:4000/p/590a9020262616113020afdd" "Mozilla/5.0 (Windows NT 10.0; Win64; x64) AppleWebKit/537.36 (KHTML, like Gecko) Chrome/58.0.3029.96 Safari/537.36"
::1 - - [Thu, 04 May 2017 05:52:01 GMT] "GET /p/590a9020262616113020afdd HTTP/1.1" 200 1989 "http://localhost:4000/edit/590a9020262616113020afdd" "Mozilla/5.0 (Windows NT 10.0; Win64; x64) AppleWebKit/537.36 (KHTML, like Gecko) Chrome/58.0.3029.96 Safari/537.36"
::1 - - [Thu, 04 May 2017 05:52:01 GMT] "GET /edit/590a9020262616113020afdd HTTP/1.1" 200 1269 "http://localhost:4000/p/590a9020262616113020afdd" "Mozilla/5.0 (Windows NT 10.0; Win64; x64) AppleWebKit/537.36 (KHTML, like Gecko) Chrome/58.0.3029.96 Safari/537.36"
::1 - - [Thu, 04 May 2017 05:52:01 GMT] "GET /stylesheets/style.css HTTP/1.1" 304 - "http://localhost:4000/edit/590a9020262616113020afdd" "Mozilla/5.0 (Windows NT 10.0; Win64; x64) AppleWebKit/537.36 (KHTML, like Gecko) Chrome/58.0.3029.96 Safari/537.36"
::1 - - [Thu, 04 May 2017 05:52:04 GMT] "POST /edit/590a9020262616113020afdd HTTP/1.1" 302 98 "http://localhost:4000/edit/590a9020262616113020afdd" "Mozilla/5.0 (Windows NT 10.0; Win64; x64) AppleWebKit/537.36 (KHTML, like Gecko) Chrome/58.0.3029.96 Safari/537.36"
::1 - - [Thu, 04 May 2017 05:52:04 GMT] "GET /p/590a9020262616113020afdd HTTP/1.1" 200 2018 "http://localhost:4000/edit/590a9020262616113020afdd" "Mozilla/5.0 (Windows NT 10.0; Win64; x64) AppleWebKit/537.36 (KHTML, like Gecko) Chrome/58.0.3029.96 Safari/537.36"
::1 - - [Thu, 04 May 2017 05:52:04 GMT] "GET /stylesheets/style.css HTTP/1.1" 304 - "http://localhost:4000/p/590a9020262616113020afdd" "Mozilla/5.0 (Windows NT 10.0; Win64; x64) AppleWebKit/537.36 (KHTML, like Gecko) Chrome/58.0.3029.96 Safari/537.36"
