[Thu May 04 2017 11:06:51 GMT+0800 (中国标准时间)]/p/590a9020262616113020afdd
TypeError: C:\Users\wuchujiang810\Desktop\blog\views\article.ejs:3
    1| <%- include header %>
    2| <p>
 >> 3|   <span><a class="edit" href="/edit/<%= post.name %>/<%= post.time.day %>/<%= post.title %>">编辑</a></span>
    4|   <span><a class="edit" href="/remove/<%= post.name %>/<%= post.time.day %>/<%= post.title %>">删除</a></span>
    5| </p>
    6| <p class="info">

Cannot read property 'name' of undefined
    at eval (eval at compile (C:\Users\wuchujiang810\Desktop\blog\node_modules\.2.5.6@ejs\lib\ejs.js:524:12), <anonymous>:52:30)
    at returnedFn (C:\Users\wuchujiang810\Desktop\blog\node_modules\.2.5.6@ejs\lib\ejs.js:555:17)
    at tryHandleCache (C:\Users\wuchujiang810\Desktop\blog\node_modules\.2.5.6@ejs\lib\ejs.js:203:34)
    at View.exports.renderFile [as engine] (C:\Users\wuchujiang810\Desktop\blog\node_modules\.2.5.6@ejs\lib\ejs.js:412:10)
    at View.render (C:\Users\wuchujiang810\Desktop\blog\node_modules\.4.15.2@express\lib\view.js:128:8)
    at tryRender (C:\Users\wuchujiang810\Desktop\blog\node_modules\.4.15.2@express\lib\application.js:640:10)
    at EventEmitter.render (C:\Users\wuchujiang810\Desktop\blog\node_modules\.4.15.2@express\lib\application.js:592:3)
    at ServerResponse.render (C:\Users\wuchujiang810\Desktop\blog\node_modules\.4.15.2@express\lib\response.js:966:7)
    at C:\Users\wuchujiang810\Desktop\blog\routes\index.js:220:13
    at C:\Users\wuchujiang810\Desktop\blog\models\post.js:115:28
    at handleCallback (C:\Users\wuchujiang810\Desktop\blog\node_modules\.2.2.26@mongodb\lib\utils.js:120:56)
    at C:\Users\wuchujiang810\Desktop\blog\node_modules\.2.2.26@mongodb\lib\collection.js:1417:5
    at handleCallback (C:\Users\wuchujiang810\Desktop\blog\node_modules\.2.2.26@mongodb\lib\utils.js:120:56)
    at C:\Users\wuchujiang810\Desktop\blog\node_modules\.2.2.26@mongodb\lib\cursor.js:682:5
    at handleCallback (C:\Users\wuchujiang810\Desktop\blog\node_modules\.2.1.10@mongodb-core\lib\cursor.js:171:5)
    at setCursorNotified (C:\Users\wuchujiang810\Desktop\blog\node_modules\.2.1.10@mongodb-core\lib\cursor.js:515:3)
[Thu May 04 2017 11:08:47 GMT+0800 (中国标准时间)]/p/590a9020262616113020afdd
TypeError: C:\Users\wuchujiang810\Desktop\blog\views\article.ejs:3
    1| <%- include header %>
    2| <p>
 >> 3|   <span><a class="edit" href="/edit/<%= post.name %>/<%= post.time.day %>/<%= post.title %>">编辑</a></span>
    4|   <span><a class="edit" href="/remove/<%= post.name %>/<%= post.time.day %>/<%= post.title %>">删除</a></span>
    5| </p>
    6| <p class="info">

Cannot read property 'name' of undefined
    at eval (eval at compile (C:\Users\wuchujiang810\Desktop\blog\node_modules\.2.5.6@ejs\lib\ejs.js:524:12), <anonymous>:52:30)
    at returnedFn (C:\Users\wuchujiang810\Desktop\blog\node_modules\.2.5.6@ejs\lib\ejs.js:555:17)
    at tryHandleCache (C:\Users\wuchujiang810\Desktop\blog\node_modules\.2.5.6@ejs\lib\ejs.js:203:34)
    at View.exports.renderFile [as engine] (C:\Users\wuchujiang810\Desktop\blog\node_modules\.2.5.6@ejs\lib\ejs.js:412:10)
    at View.render (C:\Users\wuchujiang810\Desktop\blog\node_modules\.4.15.2@express\lib\view.js:128:8)
    at tryRender (C:\Users\wuchujiang810\Desktop\blog\node_modules\.4.15.2@express\lib\application.js:640:10)
    at EventEmitter.render (C:\Users\wuchujiang810\Desktop\blog\node_modules\.4.15.2@express\lib\application.js:592:3)
    at ServerResponse.render (C:\Users\wuchujiang810\Desktop\blog\node_modules\.4.15.2@express\lib\response.js:966:7)
    at C:\Users\wuchujiang810\Desktop\blog\routes\index.js:220:13
    at C:\Users\wuchujiang810\Desktop\blog\models\post.js:115:28
    at handleCallback (C:\Users\wuchujiang810\Desktop\blog\node_modules\.2.2.26@mongodb\lib\utils.js:120:56)
    at C:\Users\wuchujiang810\Desktop\blog\node_modules\.2.2.26@mongodb\lib\collection.js:1417:5
    at handleCallback (C:\Users\wuchujiang810\Desktop\blog\node_modules\.2.2.26@mongodb\lib\utils.js:120:56)
    at C:\Users\wuchujiang810\Desktop\blog\node_modules\.2.2.26@mongodb\lib\cursor.js:682:5
    at handleCallback (C:\Users\wuchujiang810\Desktop\blog\node_modules\.2.1.10@mongodb-core\lib\cursor.js:171:5)
    at setCursorNotified (C:\Users\wuchujiang810\Desktop\blog\node_modules\.2.1.10@mongodb-core\lib\cursor.js:515:3)
